This is pdfTeX, Version 3.14159265-2.6-1.40.21 (MiKTeX 2.9.7400 64-bit) (preloaded format=pdflatex 2020.5.8)  10 MAY 2020 12:59
entering extended mode
**c:/Users/aorus/Documents/GitHub/master-degree-thesis-latex/all.tex
(c:/Users/aorus/Documents/GitHub/master-degree-thesis-latex/all.tex
LaTeX2e <2020-02-02> patch level 5
L3 programming layer <2020-04-06> (c:/Users\aorus\Documents\GitHub\master-degree-thesis-latex\bsc.cls
Document Class: bsc 
("C:\Program Files\MiKTeX 2.9\tex/latex/base\report.cls"
Document Class: report 2019/12/20 v1.4l Standard LaTeX document class
("C:\Program Files\MiKTeX 2.9\tex/latex/base\size12.clo"
File: size12.clo 2019/12/20 v1.4l Standard LaTeX file (size option)
)
\c@part=\count167
\c@chapter=\count168
\c@section=\count169
\c@subsection=\count170
\c@subsubsection=\count171
\c@paragraph=\count172
\c@subparagraph=\count173
\c@figure=\count174
\c@table=\count175
\abovecaptionskip=\skip47
\belowcaptionskip=\skip48
\bibindent=\dimen134
) (C:\Users\aorus\AppData\Roaming\MiKTeX\2.9\tex/latex/geometry\geometry.sty
Package: geometry 2020/01/02 v5.9 Page Geometry
 ("C:\Program Files\MiKTeX 2.9\tex/latex/graphics\keyval.sty"
Package: keyval 2014/10/28 v1.15 key=value parser (DPC)
\KV@toks@=\toks15
) ("C:\Program Files\MiKTeX 2.9\tex/generic/iftex\ifvtex.sty"
Package: ifvtex 2019/10/25 v1.7 ifvtex legacy package. Use iftex instead.
 ("C:\Program Files\MiKTeX 2.9\tex/generic/iftex\iftex.sty"
Package: iftex 2020/03/06 v1.0d TeX engine tests
))
\Gm@cnth=\count176
\Gm@cntv=\count177
\c@Gm@tempcnt=\count178
\Gm@bindingoffset=\dimen135
\Gm@wd@mp=\dimen136
\Gm@odd@mp=\dimen137
\Gm@even@mp=\dimen138
\Gm@layoutwidth=\dimen139
\Gm@layoutheight=\dimen140
\Gm@layouthoffset=\dimen141
\Gm@layoutvoffset=\dimen142
\Gm@dimlist=\toks16
 (C:\Users\aorus\AppData\Roaming\MiKTeX\2.9\tex/latex/geometry\geometry.cfg)) (C:\Users\aorus\AppData\Roaming\MiKTeX\2.9\tex/latex/emptypage\emptypage.sty
Package: emptypage 2010/05/30 v1.2 Suppress page numbers and headings on empty pages
) (C:\Users\aorus\AppData\Roaming\MiKTeX\2.9\tex/latex/fancyhdr\fancyhdr.sty
Package: fancyhdr 2019/01/31 v3.10 Extensive control of page headers and footers
\f@nch@headwidth=\skip49
\f@nch@O@elh=\skip50
\f@nch@O@erh=\skip51
\f@nch@O@olh=\skip52
\f@nch@O@orh=\skip53
\f@nch@O@elf=\skip54
\f@nch@O@erf=\skip55
\f@nch@O@olf=\skip56
\f@nch@O@orf=\skip57
)

Package Fancyhdr Warning: \fancyhead's `E' option without twoside option is useless on input line 24.


Package Fancyhdr Warning: \fancyfoot's `E' option without twoside option is useless on input line 26.

(C:\Users\aorus\AppData\Roaming\MiKTeX\2.9\tex/latex/caption\caption.sty
Package: caption 2020/01/03 v3.4h Customizing captions (AR)
 (C:\Users\aorus\AppData\Roaming\MiKTeX\2.9\tex/latex/caption\caption3.sty
Package: caption3 2020/01/03 v1.8h caption3 kernel (AR)
Package caption3 Info: TeX engine: e-TeX on input line 61.
\captionmargin=\dimen143
\captionmargin@=\dimen144
\captionwidth=\dimen145
\caption@tempdima=\dimen146
\caption@indent=\dimen147
\caption@parindent=\dimen148
\caption@hangindent=\dimen149
Package caption Info: Standard document class detected.
)
\c@caption@flags=\count179
\c@continuedfloat=\count180
) (C:\Users\aorus\AppData\Roaming\MiKTeX\2.9\tex/latex/newfloat\newfloat.sty
Package: newfloat 2019/09/02 v1.1l Defining new floating environments (AR)
Package newfloat Info: Document class `report' detected.
) ("C:\Program Files\MiKTeX 2.9\tex/latex/listings\listings.sty"
\lst@mode=\count181
\lst@gtempboxa=\box45
\lst@token=\toks17
\lst@length=\count182
\lst@currlwidth=\dimen150
\lst@column=\count183
\lst@pos=\count184
\lst@lostspace=\dimen151
\lst@width=\dimen152
\lst@newlines=\count185
\lst@lineno=\count186
\lst@maxwidth=\dimen153
 ("C:\Program Files\MiKTeX 2.9\tex/latex/listings\lstmisc.sty"
File: lstmisc.sty 2020/03/24 1.8d (Carsten Heinz)
\c@lstnumber=\count187
\lst@skipnumbers=\count188
\lst@framebox=\box46
) ("C:\Program Files\MiKTeX 2.9\tex/latex/listings\listings.cfg"
File: listings.cfg 2020/03/24 1.8d listings configuration
))
Package: listings 2020/03/24 1.8d (Carsten Heinz)
 (C:\Users\aorus\AppData\Roaming\MiKTeX\2.9\tex/latex/enumitem\enumitem.sty
Package: enumitem 2019/06/20 v3.9 Customized lists
\labelindent=\skip58
\enit@outerparindent=\dimen154
\enit@toks=\toks18
\enit@inbox=\box47
\enit@count@id=\count189
\enitdp@description=\count190
) (C:\Users\aorus\AppData\Roaming\MiKTeX\2.9\tex/latex/titlesec\titlesec.sty
Package: titlesec 2019/10/16 v2.13 Sectioning titles
\ttl@box=\box48
\beforetitleunit=\skip59
\aftertitleunit=\skip60
\ttl@plus=\dimen155
\ttl@minus=\dimen156
\ttl@toksa=\toks19
\titlewidth=\dimen157
\titlewidthlast=\dimen158
\titlewidthfirst=\dimen159
) (C:\Users\aorus\AppData\Roaming\MiKTeX\2.9\tex/latex/setspace\setspace.sty
Package: setspace 2011/12/19 v6.7a set line spacing
)) (C:\Users\aorus\AppData\Roaming\MiKTeX\2.9\tex/latex/polski\polski.sty
Package: polski 2017/05/04 v1.3.4 Polish language package
) ("C:\Program Files\MiKTeX 2.9\tex/latex/base\inputenc.sty"
Package: inputenc 2018/08/11 v1.3c Input encoding file
\inpenc@prehook=\toks20
\inpenc@posthook=\toks21
) ("C:\Program Files\MiKTeX 2.9\tex/latex/base\fontenc.sty"
Package: fontenc 2020/02/11 v2.0o Standard LaTeX package
) (C:\Users\aorus\AppData\Roaming\MiKTeX\2.9\tex/latex/txfonts\txfonts.sty
Package: txfonts 2008/01/22 v3.2.1
LaTeX Font Info:    Redeclaring symbol font `operators' on input line 21.
LaTeX Font Info:    Overwriting symbol font `operators' in version `normal'
(Font)                  OT1/cmr/m/n --> OT1/txr/m/n on input line 21.
LaTeX Font Info:    Overwriting symbol font `operators' in version `bold'
(Font)                  OT1/cmr/bx/n --> OT1/txr/m/n on input line 21.
LaTeX Font Info:    Overwriting symbol font `operators' in version `bold'
(Font)                  OT1/txr/m/n --> OT1/txr/bx/n on input line 22.
\symitalic=\mathgroup4
LaTeX Font Info:    Overwriting symbol font `italic' in version `bold'
(Font)                  OT1/txr/m/it --> OT1/txr/bx/it on input line 26.
LaTeX Font Info:    Redeclaring math alphabet \mathbf on input line 29.
LaTeX Font Info:    Overwriting math alphabet `\mathbf' in version `normal'
(Font)                  OT1/cmr/bx/n --> OT1/txr/bx/n on input line 29.
LaTeX Font Info:    Overwriting math alphabet `\mathbf' in version `bold'
(Font)                  OT1/cmr/bx/n --> OT1/txr/bx/n on input line 29.
LaTeX Font Info:    Redeclaring math alphabet \mathit on input line 30.
LaTeX Font Info:    Overwriting math alphabet `\mathit' in version `normal'
(Font)                  OT1/cmr/m/it --> OT1/txr/m/it on input line 30.
LaTeX Font Info:    Overwriting math alphabet `\mathit' in version `bold'
(Font)                  OT1/cmr/bx/it --> OT1/txr/m/it on input line 30.
LaTeX Font Info:    Overwriting math alphabet `\mathit' in version `bold'
(Font)                  OT1/txr/m/it --> OT1/txr/bx/it on input line 31.
LaTeX Font Info:    Redeclaring math alphabet \mathsf on input line 40.
LaTeX Font Info:    Overwriting math alphabet `\mathsf' in version `normal'
(Font)                  OT1/cmss/m/n --> OT1/txss/m/n on input line 40.
LaTeX Font Info:    Overwriting math alphabet `\mathsf' in version `bold'
(Font)                  OT1/cmss/bx/n --> OT1/txss/m/n on input line 40.
LaTeX Font Info:    Overwriting math alphabet `\mathsf' in version `bold'
(Font)                  OT1/txss/m/n --> OT1/txss/b/n on input line 41.
LaTeX Font Info:    Redeclaring math alphabet \mathtt on input line 50.
LaTeX Font Info:    Overwriting math alphabet `\mathtt' in version `normal'
(Font)                  OT1/cmtt/m/n --> OT1/txtt/m/n on input line 50.
LaTeX Font Info:    Overwriting math alphabet `\mathtt' in version `bold'
(Font)                  OT1/cmtt/m/n --> OT1/txtt/m/n on input line 50.
LaTeX Font Info:    Overwriting math alphabet `\mathtt' in version `bold'
(Font)                  OT1/txtt/m/n --> OT1/txtt/b/n on input line 51.
LaTeX Font Info:    Redeclaring symbol font `letters' on input line 58.
LaTeX Font Info:    Overwriting symbol font `letters' in version `normal'
(Font)                  OML/cmm/m/it --> OML/txmi/m/it on input line 58.
LaTeX Font Info:    Overwriting symbol font `letters' in version `bold'
(Font)                  OML/cmm/b/it --> OML/txmi/m/it on input line 58.
LaTeX Font Info:    Overwriting symbol font `letters' in version `bold'
(Font)                  OML/txmi/m/it --> OML/txmi/bx/it on input line 59.
\symlettersA=\mathgroup5
LaTeX Font Info:    Overwriting symbol font `lettersA' in version `bold'
(Font)                  U/txmia/m/it --> U/txmia/bx/it on input line 67.
LaTeX Font Info:    Redeclaring symbol font `symbols' on input line 77.
LaTeX Font Info:    Overwriting symbol font `symbols' in version `normal'
(Font)                  OMS/cmsy/m/n --> OMS/txsy/m/n on input line 77.
LaTeX Font Info:    Overwriting symbol font `symbols' in version `bold'
(Font)                  OMS/cmsy/b/n --> OMS/txsy/m/n on input line 77.
LaTeX Font Info:    Overwriting symbol font `symbols' in version `bold'
(Font)                  OMS/txsy/m/n --> OMS/txsy/bx/n on input line 78.
\symAMSa=\mathgroup6
LaTeX Font Info:    Overwriting symbol font `AMSa' in version `bold'
(Font)                  U/txsya/m/n --> U/txsya/bx/n on input line 94.
\symAMSb=\mathgroup7
LaTeX Font Info:    Overwriting symbol font `AMSb' in version `bold'
(Font)                  U/txsyb/m/n --> U/txsyb/bx/n on input line 103.
\symsymbolsC=\mathgroup8
LaTeX Font Info:    Overwriting symbol font `symbolsC' in version `bold'
(Font)                  U/txsyc/m/n --> U/txsyc/bx/n on input line 113.
LaTeX Font Info:    Redeclaring symbol font `largesymbols' on input line 120.
LaTeX Font Info:    Overwriting symbol font `largesymbols' in version `normal'
(Font)                  OMX/cmex/m/n --> OMX/txex/m/n on input line 120.
LaTeX Font Info:    Overwriting symbol font `largesymbols' in version `bold'
(Font)                  OMX/cmex/m/n --> OMX/txex/m/n on input line 120.
LaTeX Font Info:    Overwriting symbol font `largesymbols' in version `bold'
(Font)                  OMX/txex/m/n --> OMX/txex/bx/n on input line 121.
\symlargesymbolsA=\mathgroup9
LaTeX Font Info:    Overwriting symbol font `largesymbolsA' in version `bold'
(Font)                  U/txexa/m/n --> U/txexa/bx/n on input line 129.
LaTeX Font Info:    Redeclaring math symbol \mathsterling on input line 164.
LaTeX Font Info:    Redeclaring math symbol \hbar on input line 591.
LaTeX Info: Redefining \not on input line 1043.
) ("C:\Program Files\MiKTeX 2.9\tex/latex/graphics\graphicx.sty"
Package: graphicx 2019/11/30 v1.2a Enhanced LaTeX Graphics (DPC,SPQR)
 ("C:\Program Files\MiKTeX 2.9\tex/latex/graphics\graphics.sty"
Package: graphics 2019/11/30 v1.4a Standard LaTeX Graphics (DPC,SPQR)
 ("C:\Program Files\MiKTeX 2.9\tex/latex/graphics\trig.sty"
Package: trig 2016/01/03 v1.10 sin cos tan (DPC)
) ("C:\Program Files\MiKTeX 2.9\tex/latex/graphics-cfg\graphics.cfg"
File: graphics.cfg 2016/06/04 v1.11 sample graphics configuration
)
Package graphics Info: Driver file: pdftex.def on input line 105.
 ("C:\Program Files\MiKTeX 2.9\tex/latex/graphics-def\pdftex.def"
File: pdftex.def 2018/01/08 v1.0l Graphics/color driver for pdftex
))
\Gin@req@height=\dimen160
\Gin@req@width=\dimen161
) (C:\Users\aorus\AppData\Roaming\MiKTeX\2.9\tex/latex/fancyvrb\fancyvrb.sty
Package: fancyvrb 2020/05/03 v3.6 verbatim text (tvz,hv)
\FV@CodeLineNo=\count191
\FV@InFile=\read2
\FV@TabBox=\box49
\c@FancyVerbLine=\count192
\FV@StepNumber=\count193
\FV@OutFile=\write3
) (C:\Users\aorus\AppData\Roaming\MiKTeX\2.9\tex/latex/pdfpages\pdfpages.sty
Package: pdfpages 2020/01/28 v0.5q Insert pages of external PDF documents (AM)
 ("C:\Program Files\MiKTeX 2.9\tex/latex/base\ifthen.sty"
Package: ifthen 2014/09/29 v1.1c Standard LaTeX ifthen package (DPC)
) ("C:\Program Files\MiKTeX 2.9\tex/latex/tools\calc.sty"
Package: calc 2017/05/25 v4.3 Infix arithmetic (KKT,FJ)
\calc@Acount=\count194
\calc@Bcount=\count195
\calc@Adimen=\dimen162
\calc@Bdimen=\dimen163
\calc@Askip=\skip61
\calc@Bskip=\skip62
LaTeX Info: Redefining \setlength on input line 80.
LaTeX Info: Redefining \addtolength on input line 81.
\calc@Ccount=\count196
\calc@Cskip=\skip63
) (C:\Users\aorus\AppData\Roaming\MiKTeX\2.9\tex/latex/eso-pic\eso-pic.sty
Package: eso-pic 2018/04/12 v2.0h eso-pic (RN)
 (C:\Users\aorus\AppData\Roaming\MiKTeX\2.9\tex/generic/atbegshi\atbegshi.sty
Package: atbegshi 2019/12/05 v1.19 At begin shipout hook (HO)
 (C:\Users\aorus\AppData\Roaming\MiKTeX\2.9\tex/generic/infwarerr\infwarerr.sty
Package: infwarerr 2019/12/03 v1.5 Providing info/warning/error messages (HO)
) (C:\Users\aorus\AppData\Roaming\MiKTeX\2.9\tex/generic/ltxcmds\ltxcmds.sty
Package: ltxcmds 2019/12/15 v1.24 LaTeX kernel commands for general use (HO)
)) ("C:\Program Files\MiKTeX 2.9\tex/latex/xcolor\xcolor.sty"
Package: xcolor 2016/05/11 v2.12 LaTeX color extensions (UK)
 ("C:\Program Files\MiKTeX 2.9\tex/latex/graphics-cfg\color.cfg"
File: color.cfg 2016/01/02 v1.6 sample color configuration
)
Package xcolor Info: Driver file: pdftex.def on input line 225.
Package xcolor Info: Model `cmy' substituted by `cmy0' on input line 1348.
Package xcolor Info: Model `hsb' substituted by `rgb' on input line 1352.
Package xcolor Info: Model `RGB' extended on input line 1364.
Package xcolor Info: Model `HTML' substituted by `rgb' on input line 1366.
Package xcolor Info: Model `Hsb' substituted by `hsb' on input line 1367.
Package xcolor Info: Model `tHsb' substituted by `hsb' on input line 1368.
Package xcolor Info: Model `HSB' substituted by `hsb' on input line 1369.
Package xcolor Info: Model `Gray' substituted by `gray' on input line 1370.
Package xcolor Info: Model `wave' substituted by `hsb' on input line 1371.
))
\AM@pagewidth=\dimen164
\AM@pageheight=\dimen165
 (C:\Users\aorus\AppData\Roaming\MiKTeX\2.9\tex/latex/pdfpages\pppdftex.def
File: pppdftex.def 2020/01/28 v0.5q Pdfpages driver for pdfTeX (AM)
)
\AM@pagebox=\box50
\AM@global@opts=\toks22
\AM@pagecnt=\count197
\AM@toc@title=\toks23
\c@AM@survey=\count198
\AM@templatesizebox=\box51
) ("C:\Program Files\MiKTeX 2.9\tex/latex/base\alltt.sty"
Package: alltt 1997/06/16 v2.0g defines alltt environment
) (C:\Users\aorus\AppData\Roaming\MiKTeX\2.9\tex/latex/placeins\placeins.sty
Package: placeins 2005/04/18  v 2.2
) ("C:\Program Files\MiKTeX 2.9\tex/latex/hyperref\hyperref.sty"
Package: hyperref 2020/01/14 v7.00d Hypertext links for LaTeX
 ("C:\Program Files\MiKTeX 2.9\tex/latex/pdftexcmds\pdftexcmds.sty"
Package: pdftexcmds 2019/11/24 v0.31 Utility functions of pdfTeX for LuaTeX (HO)
Package pdftexcmds Info: \pdf@primitive is available.
Package pdftexcmds Info: \pdf@ifprimitive is available.
Package pdftexcmds Info: \pdfdraftmode found.
) (C:\Users\aorus\AppData\Roaming\MiKTeX\2.9\tex/generic/kvsetkeys\kvsetkeys.sty
Package: kvsetkeys 2019/12/15 v1.18 Key value parser (HO)
) (C:\Users\aorus\AppData\Roaming\MiKTeX\2.9\tex/generic/kvdefinekeys\kvdefinekeys.sty
Package: kvdefinekeys 2019-12-19 v1.6 Define keys (HO)
) (C:\Users\aorus\AppData\Roaming\MiKTeX\2.9\tex/generic/pdfescape\pdfescape.sty
Package: pdfescape 2019/12/09 v1.15 Implements pdfTeX's escape features (HO)
) (C:\Users\aorus\AppData\Roaming\MiKTeX\2.9\tex/latex/hycolor\hycolor.sty
Package: hycolor 2020-01-27 v1.10 Color options for hyperref/bookmark (HO)
) (C:\Users\aorus\AppData\Roaming\MiKTeX\2.9\tex/latex/letltxmacro\letltxmacro.sty
Package: letltxmacro 2019/12/03 v1.6 Let assignment for LaTeX macros (HO)
) (C:\Users\aorus\AppData\Roaming\MiKTeX\2.9\tex/latex/auxhook\auxhook.sty
Package: auxhook 2019-12-17 v1.6 Hooks for auxiliary files (HO)
) (C:\Users\aorus\AppData\Roaming\MiKTeX\2.9\tex/latex/kvoptions\kvoptions.sty
Package: kvoptions 2019/11/29 v3.13 Key value format for package options (HO)
)
\@linkdim=\dimen166
\Hy@linkcounter=\count199
\Hy@pagecounter=\count266
 ("C:\Program Files\MiKTeX 2.9\tex/latex/hyperref\pd1enc.def"
File: pd1enc.def 2020/01/14 v7.00d Hyperref: PDFDocEncoding definition (HO)
Now handling font encoding PD1 ...
... no UTF-8 mapping file for font encoding PD1
) (C:\Users\aorus\AppData\Roaming\MiKTeX\2.9\tex/generic/intcalc\intcalc.sty
Package: intcalc 2019/12/15 v1.3 Expandable calculations with integers (HO)
) (C:\Users\aorus\AppData\Roaming\MiKTeX\2.9\tex/generic/etexcmds\etexcmds.sty
Package: etexcmds 2019/12/15 v1.7 Avoid name clashes with e-TeX commands (HO)
)
\Hy@SavedSpaceFactor=\count267
Package hyperref Info: Option `unicode' set `true' on input line 4421.
 ("C:\Program Files\MiKTeX 2.9\tex/latex/hyperref\puenc.def"
File: puenc.def 2020/01/14 v7.00d Hyperref: PDF Unicode definition (HO)
Now handling font encoding PU ...
... no UTF-8 mapping file for font encoding PU
)
Package hyperref Info: Hyper figures OFF on input line 4547.
Package hyperref Info: Link nesting OFF on input line 4552.
Package hyperref Info: Hyper index ON on input line 4555.
Package hyperref Info: Plain pages OFF on input line 4562.
Package hyperref Info: Backreferencing OFF on input line 4567.
Package hyperref Info: Implicit mode ON; LaTeX internals redefined.
Package hyperref Info: Bookmarks ON on input line 4800.
\c@Hy@tempcnt=\count268
 ("C:\Program Files\MiKTeX 2.9\tex/latex/url\url.sty"
\Urlmuskip=\muskip16
Package: url 2013/09/16  ver 3.4  Verb mode for urls, etc.
)
LaTeX Info: Redefining \url on input line 5159.
\XeTeXLinkMargin=\dimen167
 (C:\Users\aorus\AppData\Roaming\MiKTeX\2.9\tex/generic/bitset\bitset.sty
Package: bitset 2019/12/09 v1.3 Handle bit-vector datatype (HO)
 (C:\Users\aorus\AppData\Roaming\MiKTeX\2.9\tex/generic/bigintcalc\bigintcalc.sty
Package: bigintcalc 2019/12/15 v1.5 Expandable calculations on big integers (HO)
))
\Fld@menulength=\count269
\Field@Width=\dimen168
\Fld@charsize=\dimen169
Package hyperref Info: Hyper figures OFF on input line 6430.
Package hyperref Info: Link nesting OFF on input line 6435.
Package hyperref Info: Hyper index ON on input line 6438.
Package hyperref Info: backreferencing OFF on input line 6445.
Package hyperref Info: Link coloring OFF on input line 6450.
Package hyperref Info: Link coloring with OCG OFF on input line 6455.
Package hyperref Info: PDF/A mode OFF on input line 6460.
LaTeX Info: Redefining \ref on input line 6500.
LaTeX Info: Redefining \pageref on input line 6504.
\Hy@abspage=\count270
\c@Item=\count271
\c@Hfootnote=\count272
)
Package hyperref Info: Driver: hpdftex.
 ("C:\Program Files\MiKTeX 2.9\tex/latex/hyperref\hpdftex.def"
File: hpdftex.def 2020/01/14 v7.00d Hyperref driver for pdfTeX
 (C:\Users\aorus\AppData\Roaming\MiKTeX\2.9\tex/latex/atveryend\atveryend.sty
Package: atveryend 2019-12-11 v1.11 Hooks at the very end of document (HO)
Package atveryend Info: \enddocument detected (standard20110627).
)
\Fld@listcount=\count273
\c@bookmark@seq@number=\count274
 (C:\Users\aorus\AppData\Roaming\MiKTeX\2.9\tex/latex/rerunfilecheck\rerunfilecheck.sty
Package: rerunfilecheck 2019/12/05 v1.9 Rerun checks for auxiliary files (HO)
 (C:\Users\aorus\AppData\Roaming\MiKTeX\2.9\tex/generic/uniquecounter\uniquecounter.sty
Package: uniquecounter 2019/12/15 v1.4 Provide unlimited unique counter (HO)
)
Package uniquecounter Info: New unique counter `rerunfilecheck' on input line 286.
)
\Hy@SectionHShift=\skip64
)
Package hyperref Info: Option `colorlinks' set `true' on input line 53.
 ("C:\Program Files\MiKTeX 2.9\tex/latex/tools\afterpage.sty"
Package: afterpage 2014/10/28 v1.08 After-Page Package (DPC)
\AP@output=\toks24
\AP@partial=\box52
\AP@footins=\box53
) ("C:\Program Files\MiKTeX 2.9\tex/latex/l3backend\l3backend-pdfmode.def"
File: l3backend-pdfmode.def 2020-03-12 L3 backend support: PDF mode
\l__kernel_color_stack_int=\count275
\l__pdf_internal_box=\box54
) (c:/Users\aorus\Documents\GitHub\master-degree-thesis-latex\all.aux (c:/Users\aorus\Documents\GitHub\master-degree-thesis-latex\front.aux) (c:/Users\aorus\Documents\GitHub\master-degree-thesis-latex\wstep.aux) (c:/Users\aorus\Documents\GitHub\master-degree-thesis-latex\przegladowa.aux) (c:/Users\aorus\Documents\GitHub\master-degree-thesis-latex\praktyczna.aux) (c:/Users\aorus\Documents\GitHub\master-degree-thesis-latex\podsumowanie.aux) (c:/Users\aorus\Documents\GitHub\master-degree-thesis-latex\bibliografia.aux) (c:/Users\aorus\Documents\GitHub\master-degree-thesis-latex\spis.aux) (c:/Users\aorus\Documents\GitHub\master-degree-thesis-latex\Oswiadczenie_udostepnienie.aux) (c:/Users\aorus\Documents\GitHub\master-degree-thesis-latex\Oswiadczenie_autorskie.aux))
\openout1 = `all.aux'.

LaTeX Font Info:    Checking defaults for OML/txmi/m/it on input line 86.
LaTeX Font Info:    Trying to load font information for OML+txmi on input line 86.
 (C:\Users\aorus\AppData\Roaming\MiKTeX\2.9\tex/latex/txfonts\omltxmi.fd
File: omltxmi.fd 2000/12/15 v3.1
)
LaTeX Font Info:    ... okay on input line 86.
LaTeX Font Info:    Checking defaults for OMS/txsy/m/n on input line 86.
LaTeX Font Info:    Trying to load font information for OMS+txsy on input line 86.
 (C:\Users\aorus\AppData\Roaming\MiKTeX\2.9\tex/latex/txfonts\omstxsy.fd
File: omstxsy.fd 2000/12/15 v3.1
)
LaTeX Font Info:    ... okay on input line 86.
LaTeX Font Info:    Checking defaults for OT1/cmr/m/n on input line 86.
LaTeX Font Info:    ... okay on input line 86.
LaTeX Font Info:    Checking defaults for T1/cmr/m/n on input line 86.
LaTeX Font Info:    ... okay on input line 86.
LaTeX Font Info:    Checking defaults for TS1/cmr/m/n on input line 86.
LaTeX Font Info:    ... okay on input line 86.
LaTeX Font Info:    Checking defaults for OMX/txex/m/n on input line 86.
LaTeX Font Info:    Trying to load font information for OMX+txex on input line 86.
 (C:\Users\aorus\AppData\Roaming\MiKTeX\2.9\tex/latex/txfonts\omxtxex.fd
File: omxtxex.fd 2000/12/15 v3.1
)
LaTeX Font Info:    ... okay on input line 86.
LaTeX Font Info:    Checking defaults for U/txexa/m/n on input line 86.
LaTeX Font Info:    Trying to load font information for U+txexa on input line 86.
 (C:\Users\aorus\AppData\Roaming\MiKTeX\2.9\tex/latex/txfonts\utxexa.fd
File: utxexa.fd 2000/12/15 v3.1
)
LaTeX Font Info:    ... okay on input line 86.
LaTeX Font Info:    Checking defaults for PD1/pdf/m/n on input line 86.
LaTeX Font Info:    ... okay on input line 86.
LaTeX Font Info:    Checking defaults for PU/pdf/m/n on input line 86.
LaTeX Font Info:    ... okay on input line 86.
LaTeX Font Info:    Trying to load font information for T1+txr on input line 86.
 (C:\Users\aorus\AppData\Roaming\MiKTeX\2.9\tex/latex/txfonts\t1txr.fd
File: t1txr.fd 2000/12/15 v3.1
)
*geometry* driver: auto-detecting
*geometry* detected driver: pdftex
*geometry* verbose mode - [ preamble ] result:
* driver: pdftex
* paper: a4paper
* layout: <same size as paper>
* layoutoffset:(h,v)=(0.0pt,0.0pt)
* bindingoffset: 28.45274pt
* modes: 
* h-part:(L,W,R)=(56.9055pt, 455.24413pt, 56.9055pt)
* v-part:(T,H,B)=(85.35826pt, 688.5567pt, 71.13188pt)
* \paperwidth=597.50787pt
* \paperheight=845.04684pt
* \textwidth=455.24413pt
* \textheight=688.5567pt
* \oddsidemargin=13.08826pt
* \evensidemargin=-15.36449pt
* \topmargin=-18.53654pt
* \headheight=14.0pt
* \headsep=17.62482pt
* \topskip=12.0pt
* \footskip=29.3747pt
* \marginparwidth=0.0pt
* \marginparsep=0.0pt
* \columnsep=10.0pt
* \skip\footins=10.8pt plus 4.0pt minus 2.0pt
* \hoffset=0.0pt
* \voffset=0.0pt
* \mag=1000
* \@twocolumnfalse
* \@twosidefalse
* \@mparswitchfalse
* \@reversemarginfalse
* (1in=72.27pt=25.4mm, 1cm=28.453pt)

Package caption Info: Begin \AtBeginDocument code.
Package caption Info: hyperref package is loaded.
Package caption Info: listings package is loaded.
Package caption Info: End \AtBeginDocument code.
\c@lstlisting=\count276
("C:\Program Files\MiKTeX 2.9\tex/context/base/mkii\supp-pdf.mkii"
[Loading MPS to PDF converter (version 2006.09.02).]
\scratchcounter=\count277
\scratchdimen=\dimen170
\scratchbox=\box55
\nofMPsegments=\count278
\nofMParguments=\count279
\everyMPshowfont=\toks25
\MPscratchCnt=\count280
\MPscratchDim=\dimen171
\MPnumerator=\count281
\makeMPintoPDFobject=\count282
\everyMPtoPDFconversion=\toks26
) ("C:\Program Files\MiKTeX 2.9\tex/latex/epstopdf-pkg\epstopdf-base.sty"
Package: epstopdf-base 2020-01-24 v2.11 Base part for package epstopdf
Package epstopdf-base Info: Redefining graphics rule for `.eps' on input line 485.
)
\AtBeginShipoutBox=\box56
 (C:\Users\aorus\AppData\Roaming\MiKTeX\2.9\tex/latex/pdflscape\pdflscape.sty
Package: pdflscape 2019/12/05 v0.12 Display of landscape pages in PDF (HO)
 ("C:\Program Files\MiKTeX 2.9\tex/latex/graphics\lscape.sty"
Package: lscape 2000/10/22 v3.01 Landscape Pages (DPC)
)
Package pdflscape Info: Auto-detected driver: pdftex on input line 81.
)
Package hyperref Info: Link coloring ON on input line 86.
 ("C:\Program Files\MiKTeX 2.9\tex/latex/hyperref\nameref.sty"
Package: nameref 2019/09/16 v2.46 Cross-referencing by name of section
 (C:\Users\aorus\AppData\Roaming\MiKTeX\2.9\tex/latex/refcount\refcount.sty
Package: refcount 2019/12/15 v3.6 Data extraction from label references (HO)
) (C:\Users\aorus\AppData\Roaming\MiKTeX\2.9\tex/generic/gettitlestring\gettitlestring.sty
Package: gettitlestring 2019/12/15 v1.6 Cleanup title references (HO)
)
\c@section@level=\count283
)
LaTeX Info: Redefining \ref on input line 86.
LaTeX Info: Redefining \pageref on input line 86.
LaTeX Info: Redefining \nameref on input line 86.
 (c:/Users\aorus\Documents\GitHub\master-degree-thesis-latex\all.out) (c:/Users\aorus\Documents\GitHub\master-degree-thesis-latex\all.out)
\@outlinefile=\write4
\openout4 = `all.out'.

\openout2 = `front.aux'.

 (c:/Users\aorus\Documents\GitHub\master-degree-thesis-latex\front.tex
LaTeX Font Info:    Trying to load font information for T1+txss on input line 6.
 (C:\Users\aorus\AppData\Roaming\MiKTeX\2.9\tex/latex/txfonts\t1txss.fd
File: t1txss.fd 2000/12/15 v3.1
)
LaTeX Font Info:    Font shape `T1/txss/m/n' will be
(Font)              scaled to size 11.39996pt on input line 6.
LaTeX Font Info:    Font shape `T1/txss/b/n' in size <12> not available
(Font)              Font shape `T1/txss/bx/n' tried instead on input line 6.
LaTeX Font Info:    Font shape `T1/txss/bx/n' will be
(Font)              scaled to size 11.39996pt on input line 6.
LaTeX Font Info:    Font shape `T1/txss/b/n' in size <18> not available
(Font)              Font shape `T1/txss/bx/n' tried instead on input line 9.
LaTeX Font Info:    Font shape `T1/txss/bx/n' will be
(Font)              scaled to size 17.09995pt on input line 9.
LaTeX Font Info:    Font shape `T1/txss/b/n' in size <16> not available
(Font)              Font shape `T1/txss/bx/n' tried instead on input line 16.
LaTeX Font Info:    Font shape `T1/txss/bx/n' will be
(Font)              scaled to size 15.19995pt on input line 16.
LaTeX Font Info:    Font shape `T1/txss/b/n' in size <14> not available
(Font)              Font shape `T1/txss/bx/n' tried instead on input line 19.
LaTeX Font Info:    Font shape `T1/txss/bx/n' will be
(Font)              scaled to size 13.29996pt on input line 19.
LaTeX Font Info:    Font shape `T1/txss/m/n' will be
(Font)              scaled to size 13.29996pt on input line 20.
LaTeX Font Info:    Calculating math sizes for size <14> on input line 20.
LaTeX Font Info:    Trying to load font information for OT1+txr on input line 20.
 (C:\Users\aorus\AppData\Roaming\MiKTeX\2.9\tex/latex/txfonts\ot1txr.fd
File: ot1txr.fd 2000/12/15 v3.1
)
LaTeX Font Info:    Trying to load font information for U+txmia on input line 20.
 (C:\Users\aorus\AppData\Roaming\MiKTeX\2.9\tex/latex/txfonts\utxmia.fd
File: utxmia.fd 2000/12/15 v3.1
)
LaTeX Font Info:    Trying to load font information for U+txsya on input line 20.
 (C:\Users\aorus\AppData\Roaming\MiKTeX\2.9\tex/latex/txfonts\utxsya.fd
File: utxsya.fd 2000/12/15 v3.1
)
LaTeX Font Info:    Trying to load font information for U+txsyb on input line 20.
 (C:\Users\aorus\AppData\Roaming\MiKTeX\2.9\tex/latex/txfonts\utxsyb.fd
File: utxsyb.fd 2000/12/15 v3.1
)
LaTeX Font Info:    Trying to load font information for U+txsyc on input line 20.
 (C:\Users\aorus\AppData\Roaming\MiKTeX\2.9\tex/latex/txfonts\utxsyc.fd
File: utxsyc.fd 2000/12/15 v3.1
)
LaTeX Font Info:    Font shape `T1/txss/b/n' in size <20> not available
(Font)              Font shape `T1/txss/bx/n' tried instead on input line 38.
LaTeX Font Info:    Font shape `T1/txss/bx/n' will be
(Font)              scaled to size 18.99994pt on input line 38.
LaTeX Font Info:    Font shape `T1/txss/b/n' in size <10> not available
(Font)              Font shape `T1/txss/bx/n' tried instead on input line 47.
LaTeX Font Info:    Font shape `T1/txss/bx/n' will be
(Font)              scaled to size 9.49997pt on input line 47.
LaTeX Font Info:    Font shape `T1/txss/m/n' will be
(Font)              scaled to size 9.49997pt on input line 49.
 [1


{C:/Users/aorus/AppData/Local/MiKTeX/2.9/pdftex/config/pdftex.map}])
LaTeX Font Info:    Font shape `T1/txr/b/n' in size <20.74> not available
(Font)              Font shape `T1/txr/bx/n' tried instead on input line 88.
 (c:/Users\aorus\Documents\GitHub\master-degree-thesis-latex\all.toc
LaTeX Font Info:    Font shape `T1/txr/b/n' in size <12> not available
(Font)              Font shape `T1/txr/bx/n' tried instead on input line 1.
LaTeX Font Info:    Font shape `T1/txr/b/n' in size <14.4> not available
(Font)              Font shape `T1/txr/bx/n' tried instead on input line 6.


Package Fancyhdr Warning: \fancyfoot's `E' option without twoside option is useless on input line 31.

pdfTeX warning (ext4): destination with the same identifier (name{page.1}) has been already used, duplicate ignored
<to be read again> 
                   \relax 
l.31 ...ojedynczego wiersza}{38}{subsection.3.4.7}
                                                  % [1



])
\tf@toc=\write5
\openout5 = `all.toc'.

 [2]
\openout2 = `wstep.aux'.

 (c:/Users\aorus\Documents\GitHub\master-degree-thesis-latex\wstep.tex
Rozdzia\PlPrIeC {\l } 1.
LaTeX Font Info:    Font shape `T1/txr/b/n' in size <17.28> not available
(Font)              Font shape `T1/txr/bx/n' tried instead on input line 3.

Package Fancyhdr Warning: \fancyfoot's `E' option without twoside option is useless on input line 25.

[3


]) [4]
LaTeX Font Info:    Font shape `T1/txr/b/n' in size <24.88> not available
(Font)              Font shape `T1/txr/bx/n' tried instead on input line 92.


Package Fancyhdr Warning: \fancyfoot's `E' option without twoside option is useless on input line 92.

[5


]
\openout2 = `przegladowa.aux'.

 (c:/Users\aorus\Documents\GitHub\master-degree-thesis-latex\przegladowa.tex
Rozdzia\PlPrIeC {\l } 2.
LaTeX Font Info:    Trying to load font information for TS1+txr on input line 4.
(C:\Users\aorus\AppData\Roaming\MiKTeX\2.9\tex/latex/txfonts\ts1txr.fd
File: ts1txr.fd 2000/12/15 v3.1
)
Overfull \hbox (14.37384pt too wide) in paragraph at lines 4--5
[]\T1/txr/m/n/12 JSON [[]] (Ja-va-Script Ob-ject No-ta-tion) - jest to tek-sto-wy for-mat wy-mia-ny da-nych, bazuj[]cym
 []


Overfull \hbox (9.6339pt too wide) in paragraph at lines 4--5
\T1/txr/m/n/12 na pod-zbio-rze j[]zyka Ja-va-Script. JSON prze-cho-wu-je da-ne okre-±lo-ne przez stan-dard ECMA-
 []

<./img/rysunek_1.png, id=223, 505.89pt x 505.13719pt>
File: ./img/rysunek_1.png Graphic file (type png)
<use ./img/rysunek_1.png>
Package pdftex.def Info: ./img/rysunek_1.png  used on input line 24.
(pdftex.def)             Requested size: 284.52756pt x 284.10814pt.

Package Fancyhdr Warning: \fancyfoot's `E' option without twoside option is useless on input line 42.

[6


]
Overfull \hbox (8.27989pt too wide) in paragraph at lines 43--46
\T1/txr/m/n/12 50.0.26661.102m. Naj-now-sza wer-sja chro-me, w cza-sie pi-sa-nia te-go tek-stu, to wer-sja \T1/txr/m/it/12 80.0.3987.16
 []

<./img/rysunek_2.png, id=246, 606.76688pt x 392.96812pt>
File: ./img/rysunek_2.png Graphic file (type png)
<use ./img/rysunek_2.png>
Package pdftex.def Info: ./img/rysunek_2.png  used on input line 51.
(pdftex.def)             Requested size: 398.33858pt x 257.98662pt.
<./img/rysunek_3.png, id=250, 606.76688pt x 400.49625pt>
File: ./img/rysunek_3.png Graphic file (type png)
<use ./img/rysunek_3.png>
Package pdftex.def Info: ./img/rysunek_3.png  used on input line 61.
(pdftex.def)             Requested size: 398.33858pt x 262.9289pt.
[7 <./img/rysunek_1.png>]
<./img/rysunek_4.png, id=263, 478.03593pt x 297.36093pt>
File: ./img/rysunek_4.png Graphic file (type png)
<use ./img/rysunek_4.png>
Package pdftex.def Info: ./img/rysunek_4.png  used on input line 71.
(pdftex.def)             Requested size: 398.33858pt x 247.78503pt.
 [8 <./img/rysunek_2.png> <./img/rysunek_3.png>] [9 <./img/rysunek_4.png>]
<./img/rysunek_5.png, id=285, 665.48625pt x 264.23718pt>
File: ./img/rysunek_5.png Graphic file (type png)
<use ./img/rysunek_5.png>
Package pdftex.def Info: ./img/rysunek_5.png  used on input line 113.
(pdftex.def)             Requested size: 341.43306pt x 135.56958pt.
<./img/rysunek_6.png, id=289, 657.2053pt x 252.19218pt>
File: ./img/rysunek_6.png Graphic file (type png)
<use ./img/rysunek_6.png>
Package pdftex.def Info: ./img/rysunek_6.png  used on input line 124.
(pdftex.def)             Requested size: 341.43306pt x 131.0214pt.
 [10 <./img/rysunek_5.png>]) [11 <./img/rysunek_6.png>]

Package Fancyhdr Warning: \fancyfoot's `E' option without twoside option is useless on input line 95.

[12


]
\openout2 = `praktyczna.aux'.

 (c:/Users\aorus\Documents\GitHub\master-degree-thesis-latex\praktyczna.tex
Rozdzia\PlPrIeC {\l } 3.
<./img/rysunek_7.png, id=312, 758.835pt x 381.3447pt>
File: ./img/rysunek_7.png Graphic file (type png)
<use ./img/rysunek_7.png>
Package pdftex.def Info: ./img/rysunek_7.png  used on input line 6.
(pdftex.def)             Requested size: 341.43306pt x 171.58606pt.
<./img/rysunek_8.png, id=314, 706.5597pt x 758.835pt>
File: ./img/rysunek_8.png Graphic file (type png)
<use ./img/rysunek_8.png>
Package pdftex.def Info: ./img/rysunek_8.png  used on input line 31.
(pdftex.def)             Requested size: 341.43306pt x 366.70297pt.

Package Fancyhdr Warning: \fancyfoot's `E' option without twoside option is useless on input line 41.

[13


 <./img/rysunek_7.png>] [14 <./img/rysunek_8.png>]
<./img/rysunek_9.png, id=328, 758.835pt x 466.1415pt>
File: ./img/rysunek_9.png Graphic file (type png)
<use ./img/rysunek_9.png>
Package pdftex.def Info: ./img/rysunek_9.png  used on input line 57.
(pdftex.def)             Requested size: 341.43306pt x 209.74039pt.

Overfull \hbox (13.39189pt too wide) in paragraph at lines 80--82
\T1/txr/m/n/12 ków, na-le-»y po-sia-da¢ od-po-wied-nie ±ro-do-wi-sko ba-daw-cze. Jak po-ka-za-no w przegl[]dzie istniej[]cych
 []

[15 <./img/rysunek_9.png>] [16]
<./img/rysunek_10.png, id=341, 529.7391pt x 111.5367pt>
File: ./img/rysunek_10.png Graphic file (type png)
<use ./img/rysunek_10.png>
Package pdftex.def Info: ./img/rysunek_10.png  used on input line 123.
(pdftex.def)             Requested size: 341.43306pt x 71.8904pt.

Overfull \hbox (3.32388pt too wide) in paragraph at lines 136--141
\T1/txr/m/n/12 no-±ci od cz[]stotliwo±ci od-±wie-»a-nia ekra-nu ). Bar-dzo istot-nym me-cha-ni-zmem któ-ry przegl[]darki
 []

[17 <./img/rysunek_10.png>]
<./img/rysunek_11.png, id=350, 758.835pt x 589.9641pt>
File: ./img/rysunek_11.png Graphic file (type png)
<use ./img/rysunek_11.png>
Package pdftex.def Info: ./img/rysunek_11.png  used on input line 150.
(pdftex.def)             Requested size: 341.43306pt x 265.45438pt.
 [18 <./img/rysunek_11.png>]
<./img/rysunek_12.png, id=360, 758.835pt x 558.4062pt>
File: ./img/rysunek_12.png Graphic file (type png)
<use ./img/rysunek_12.png>
Package pdftex.def Info: ./img/rysunek_12.png  used on input line 167.
(pdftex.def)             Requested size: 341.43306pt x 251.2549pt.

Overfull \hbox (3.59987pt too wide) in paragraph at lines 172--175
\T1/txr/m/n/12 rekoncyliacj[] [[]]. Po-zwa-la to na wy-ren-de-ro-wa-nie tyl-ko tych ele-men-tów, któ-re ró»ni[] si[] mi[]dzy
 []

<./img/rysunek_13.png, id=363, 742.2129pt x 758.835pt>
File: ./img/rysunek_13.png Graphic file (type png)
<use ./img/rysunek_13.png>
Package pdftex.def Info: ./img/rysunek_13.png  used on input line 183.
(pdftex.def)             Requested size: 341.43306pt x 349.07993pt.
<./img/rysunek_14.png, id=364, 758.835pt x 144.0582pt>
File: ./img/rysunek_14.png Graphic file (type png)
<use ./img/rysunek_14.png>
Package pdftex.def Info: ./img/rysunek_14.png  used on input line 196.
(pdftex.def)             Requested size: 341.43306pt x 64.81898pt.
[19 <./img/rysunek_12.png>] [20 <./img/rysunek_13.png> <./img/rysunek_14.png>]
<./img/rysunek_15.png, id=387, 626.0991pt x 758.835pt>
File: ./img/rysunek_15.png Graphic file (type png)
<use ./img/rysunek_15.png>
Package pdftex.def Info: ./img/rysunek_15.png  used on input line 240.
(pdftex.def)             Requested size: 341.43306pt x 413.81741pt.
 [21] [22 <./img/rysunek_15.png>]
<./img/rysunek_16.png, id=416, 180.675pt x 154.8987pt>
File: ./img/rysunek_16.png Graphic file (type png)
<use ./img/rysunek_16.png>
Package pdftex.def Info: ./img/rysunek_16.png  used on input line 263.
(pdftex.def)             Requested size: 341.43306pt x 292.7506pt.

Overfull \hbox (5.07196pt too wide) in paragraph at lines 268--272
[]\T1/txr/m/n/12 W ce-lu stwo-rze-nia kon-te-ne-ra, na-le-»y utwo-rzy¢ plik Do-cker-fi-le któ-ry jest pli-kiem ty-pu YAML.
 []

[23 <./img/rysunek_16.png>]
<./img/rysunek_17.png, id=426, 229.5777pt x 128.6406pt>
File: ./img/rysunek_17.png Graphic file (type png)
<use ./img/rysunek_17.png>
Package pdftex.def Info: ./img/rysunek_17.png  used on input line 282.
(pdftex.def)             Requested size: 341.43306pt x 191.32924pt.

Overfull \hbox (5.2887pt too wide) in paragraph at lines 287--289
[]\T1/txr/m/n/12 Mo»emy klikn[]¢ na od-no-±nik przenosz[]cy nas do kon-kret-nej apli-ka-cji. Na-le-»y tyl-ko pami[]ta¢
 []


Underfull \hbox (badness 1400) in paragraph at lines 287--289
\T1/txr/m/n/12 o po-pra-wie-niu por-tu, czy-li aby przej±¢ do im-ple-men-ta-cji re-ac-ta, na-le-»y wej±¢ w link
 []


Overfull \hbox (0.84871pt too wide) in paragraph at lines 306--307
[]\T1/txr/m/n/12 Oto naj-prost-szy, wie-ko-wy ju» przy-kªad apli-ka-cji ka-len-da-rza na-pi-sa-nej w PHP. Gdy b[]dziemy
 []

<./img/rysunek_18.png, id=428, 427.8384pt x 758.835pt>
File: ./img/rysunek_18.png Graphic file (type png)
<use ./img/rysunek_18.png>
Package pdftex.def Info: ./img/rysunek_18.png  used on input line 310.
(pdftex.def)             Requested size: 341.43306pt x 605.6099pt.
<./img/rysunek_19.png, id=430, 758.835pt x 461.0826pt>
File: ./img/rysunek_19.png Graphic file (type png)
<use ./img/rysunek_19.png>
Package pdftex.def Info: ./img/rysunek_19.png  used on input line 320.
(pdftex.def)             Requested size: 341.43306pt x 207.46414pt.
[24 <./img/rysunek_17.png>]

LaTeX Warning: Text page 25 contains only floats.

[25 <./img/rysunek_18.png>]
<./img/rysunek_20.png, id=446, 758.835pt x 393.8715pt>
File: ./img/rysunek_20.png Graphic file (type png)
<use ./img/rysunek_20.png>
Package pdftex.def Info: ./img/rysunek_20.png  used on input line 333.
(pdftex.def)             Requested size: 341.43306pt x 177.2225pt.
 [26 <./img/rysunek_19.png> <./img/rysunek_20.png>]
<./img/rysunek_21.png, id=459, 758.835pt x 384.4764pt>
File: ./img/rysunek_21.png Graphic file (type png)
<use ./img/rysunek_21.png>
Package pdftex.def Info: ./img/rysunek_21.png  used on input line 365.
(pdftex.def)             Requested size: 341.43306pt x 172.99518pt.
<./img/rysunek_22.png, id=460, 758.835pt x 457.4691pt>
File: ./img/rysunek_22.png Graphic file (type png)
<use ./img/rysunek_22.png>
Package pdftex.def Info: ./img/rysunek_22.png  used on input line 372.
(pdftex.def)             Requested size: 341.43306pt x 205.83826pt.

Overfull \hbox (9.22475pt too wide) in paragraph at lines 377--385
[]\T1/txr/m/n/12 Pocz[]tek pro-ce-su jest ta-ki sam, lecz zarz[]dca sta-nu apli-ka-cji widz[]c pro±b[] o zmian[] miesi[]ca,
 []

[27 <./img/rysunek_21.png>] [28 <./img/rysunek_22.png>]
<./img/rysunek_23.png, id=483, 653.5617pt x 422.2977pt>
File: ./img/rysunek_23.png Graphic file (type png)
<use ./img/rysunek_23.png>
Package pdftex.def Info: ./img/rysunek_23.png  used on input line 409.
(pdftex.def)             Requested size: 341.43306pt x 220.62062pt.
<./img/rysunek_24.png, id=486, 758.835pt x 310.2792pt>
File: ./img/rysunek_24.png Graphic file (type png)
<use ./img/rysunek_24.png>
Package pdftex.def Info: ./img/rysunek_24.png  used on input line 425.
(pdftex.def)             Requested size: 341.43306pt x 139.61014pt.
<./img/rysunek_25.png, id=487, 758.835pt x 310.2792pt>
File: ./img/rysunek_25.png Graphic file (type png)
<use ./img/rysunek_25.png>
Package pdftex.def Info: ./img/rysunek_25.png  used on input line 432.
(pdftex.def)             Requested size: 341.43306pt x 139.61014pt.
 [29 <./img/rysunek_23.png>] [30 <./img/rysunek_24.png> <./img/rysunek_25.png>]
<./img/rysunek_26.png, id=507, 758.835pt x 509.0217pt>
File: ./img/rysunek_26.png Graphic file (type png)
<use ./img/rysunek_26.png>
Package pdftex.def Info: ./img/rysunek_26.png  used on input line 465.
(pdftex.def)             Requested size: 341.43306pt x 229.03433pt.
<./img/rysunek_27.png, id=509, 724.6272pt x 307.1475pt>
File: ./img/rysunek_27.png Graphic file (type png)
<use ./img/rysunek_27.png>
Package pdftex.def Info: ./img/rysunek_27.png  used on input line 476.
(pdftex.def)             Requested size: 341.43306pt x 144.72021pt.
 [31 <./img/rysunek_26.png> <./img/rysunek_27.png>]
<./img/rysunek_28.png, id=520, 389.2944pt x 455.301pt>
File: ./img/rysunek_28.png Graphic file (type png)
<use ./img/rysunek_28.png>
Package pdftex.def Info: ./img/rysunek_28.png  used on input line 489.
(pdftex.def)             Requested size: 341.43306pt x 399.33223pt.

Overfull \hbox (10.0047pt too wide) in paragraph at lines 494--498
[]\T1/txr/m/n/12 Dla ka»-de-go z dost[]pnych wpi-sów, przy-go-to-wa-no po jed-nej funk-cji pozwalaj[]cej na ekstrakcj[]
 []

<./img/rysunek_29.png, id=522, 261.6174pt x 143.0946pt>
File: ./img/rysunek_29.png Graphic file (type png)
<use ./img/rysunek_29.png>
Package pdftex.def Info: ./img/rysunek_29.png  used on input line 501.
(pdftex.def)             Requested size: 341.43306pt x 186.7653pt.
[32 <./img/rysunek_28.png>]
<./img/rysunek_30.png, id=531, 578.16pt x 371.2269pt>
File: ./img/rysunek_30.png Graphic file (type png)
<use ./img/rysunek_30.png>
Package pdftex.def Info: ./img/rysunek_30.png  used on input line 524.
(pdftex.def)             Requested size: 341.43306pt x 219.22588pt.
 [33 <./img/rysunek_29.png> <./img/rysunek_30.png>]
<./img/rysunek_31.png, id=544, 388.8126pt x 189.3474pt>
File: ./img/rysunek_31.png Graphic file (type png)
<use ./img/rysunek_31.png>
Package pdftex.def Info: ./img/rysunek_31.png  used on input line 539.
(pdftex.def)             Requested size: 341.43306pt x 166.28528pt.
<./img/rysunek_32.png, id=545, 393.3897pt x 148.6353pt>
File: ./img/rysunek_32.png Graphic file (type png)
<use ./img/rysunek_32.png>
Package pdftex.def Info: ./img/rysunek_32.png  used on input line 546.
(pdftex.def)             Requested size: 341.43306pt x 129.00775pt.
<./img/rysunek_33.png, id=546, 388.5717pt x 181.1568pt>
File: ./img/rysunek_33.png Graphic file (type png)
<use ./img/rysunek_33.png>
Package pdftex.def Info: ./img/rysunek_33.png  used on input line 553.
(pdftex.def)             Requested size: 341.43306pt x 159.1835pt.
<./img/rysunek_34.png, id=548, 1284.8pt x 825.0825pt>
File: ./img/rysunek_34.png Graphic file (type png)
<use ./img/rysunek_34.png>
Package pdftex.def Info: ./img/rysunek_34.png  used on input line 572.
(pdftex.def)             Requested size: 341.43306pt x 219.26271pt.
 [34 <./img/rysunek_31.png> <./img/rysunek_32.png>]
Overfull \hbox (13.9407pt too wide) in paragraph at lines 587--589
[]\T1/txr/m/n/12 Dopisywanie ele-men-tów do ko«-ca li-sty jest ma-ªo obci[]»aj[]cym za-da-niem dla na-szych narz[]dzi.
 []

[35 <./img/rysunek_33.png> <./img/rysunek_34.png>]
<./img/rysunek_35.png, id=566, 1284.8pt x 825.0825pt>
File: ./img/rysunek_35.png Graphic file (type png)
<use ./img/rysunek_35.png>
Package pdftex.def Info: ./img/rysunek_35.png  used on input line 592.
(pdftex.def)             Requested size: 341.43306pt x 219.26271pt.
<./img/rysunek_36.png, id=568, 578.16pt x 371.28712pt>
File: ./img/rysunek_36.png Graphic file (type png)
<use ./img/rysunek_36.png>
Package pdftex.def Info: ./img/rysunek_36.png  used on input line 610.
(pdftex.def)             Requested size: 341.43306pt x 219.26144pt.
 [36 <./img/rysunek_35.png>]
<./img/rysunek_37.png, id=578, 1284.8pt x 825.0825pt>
File: ./img/rysunek_37.png Graphic file (type png)
<use ./img/rysunek_37.png>
Package pdftex.def Info: ./img/rysunek_37.png  used on input line 623.
(pdftex.def)             Requested size: 341.43306pt x 219.26271pt.
 [37 <./img/rysunek_36.png> <./img/rysunek_37.png>]
<./img/rysunek_38.png, id=587, 578.16pt x 371.2269pt>
File: ./img/rysunek_38.png Graphic file (type png)
<use ./img/rysunek_38.png>
Package pdftex.def Info: ./img/rysunek_38.png  used on input line 639.
(pdftex.def)             Requested size: 341.43306pt x 219.22588pt.
<./img/rysunek_39.png, id=589, 578.16pt x 371.2269pt>
File: ./img/rysunek_39.png Graphic file (type png)
<use ./img/rysunek_39.png>
Package pdftex.def Info: ./img/rysunek_39.png  used on input line 653.
(pdftex.def)             Requested size: 341.43306pt x 219.22588pt.
<./img/rysunek_40.png, id=591, 578.16pt x 371.2269pt>
File: ./img/rysunek_40.png Graphic file (type png)
<use ./img/rysunek_40.png>
Package pdftex.def Info: ./img/rysunek_40.png  used on input line 669.
(pdftex.def)             Requested size: 341.43306pt x 219.22588pt.
 [38 <./img/rysunek_38.png>] [39 <./img/rysunek_39.png> <./img/rysunek_40.png>]) [40]
\openout2 = `podsumowanie.aux'.

 (c:/Users\aorus\Documents\GitHub\master-degree-thesis-latex\podsumowanie.tex
Rozdzia\PlPrIeC {\l } 4.

Overfull \hbox (10.25671pt too wide) in paragraph at lines 3--9
[]\T1/txr/m/n/12 Celem pra-cy by-ªo stwo-rze-nie narz[]dzia pozwalaj[]cego na po-miar ak-cji apli-ka-cji zachodz[]cych
 []


Overfull \hbox (17.9639pt too wide) in paragraph at lines 3--9
\T1/txr/m/n/12 ju» po za-ªa-do-wa-niu stro-ny oraz po-miar ró»-nych in-te-rak-cji ze stron[] na przy-kªa-dzie trzech wiod[]cych
 []


Overfull \hbox (27.33588pt too wide) in paragraph at lines 3--9
\T1/txr/m/n/12 dy-na-micz-nych apli-ka-cji nie jest pro-ble-mem try-wial-nym i wy-ma-ga sze-re-gu narz[]dzi wspóªpracuj[]cych
 []


Overfull \hbox (11.37592pt too wide) in paragraph at lines 3--9
\T1/txr/m/n/12 ze sob[]. Po-wo-du-je to tak-»e, i» sam po-miar b[]dzie za-nie-czysz-czo-ny przez nie-do-kªad-no-±ci narz[]dzie
 []

)

Package Fancyhdr Warning: \fancyfoot's `E' option without twoside option is useless on input line 98.

[41



]

Package Fancyhdr Warning: \fancyfoot's `E' option without twoside option is useless on input line 100.

\openout2 = `bibliografia.aux'.

(c:/Users\aorus\Documents\GitHub\master-degree-thesis-latex\bibliografia.tex
LaTeX Font Info:    Trying to load font information for T1+txtt on input line 16.
 (C:\Users\aorus\AppData\Roaming\MiKTeX\2.9\tex/latex/txfonts\t1txtt.fd
File: t1txtt.fd 2000/12/15 v3.1
)
Overfull \hbox (84.99382pt too wide) in paragraph at lines 16--17
[][][]$\T1/txtt/m/n/12 https : / / scotch . io / tutorials / javascript-[]transpilers-[]what-[]they-[]are-[]why-[]we-[]need-[]them$[][] 
 []


Overfull \hbox (43.1219pt too wide) in paragraph at lines 30--31
[][][]$\T1/txtt/m/n/12 https : / / pdfs . semanticscholar . org / fa9f / f75f32de61cddafa8805ea433d4d8a0e20da .
 []


Underfull \hbox (badness 10000) in paragraph at lines 53--54
[][][]$\T1/txtt/m/n/12 http : / / yadda . icm . edu . pl / baztech / element / bwmeta1 . element .
 []


Underfull \hbox (badness 10000) in paragraph at lines 65--66
[][][]$\T1/txtt/m/n/12 http : / / cdn . lxqnsys . com / 05 _ You _ Don '[] t % 20 _ Know _ JS _ Async _ & _ Performance .
 []


Underfull \hbox (badness 10000) in paragraph at lines 72--73
[][][]$\T1/txtt/m/n/12 http : / / yadda . icm . edu . pl / yadda / element / bwmeta1 . element .
 []


Package Fancyhdr Warning: \fancyfoot's `E' option without twoside option is useless on input line 74.

[42




]
Underfull \hbox (badness 10000) in paragraph at lines 124--125
[][][]$\T1/txtt/m/n/12 https : / / developer . mozilla . org / en / docs / Web / JavaScript / Reference /
 []


Underfull \hbox (badness 10000) in paragraph at lines 131--132
[][][]$\T1/txtt/m/n/12 https : / / developer . mozilla . org / en-[]US / docs / Learn / Common _ questions /
 []

[43]
Underfull \hbox (badness 10000) in paragraph at lines 194--195
[][][]$\T1/txtt/m/n/12 https : / / www . selenium . dev / documentation / en / introduction / the _ selenium _
 []


Underfull \hbox (badness 10000) in paragraph at lines 213--214
[][][]$\T1/txtt/m/n/12 https : / / developer . mozilla . org / en-[]US / docs / Web / JavaScript / Memory _
 []

[44]) [45]
\openout2 = `spis.aux'.

 (c:/Users\aorus\Documents\GitHub\master-degree-thesis-latex\spis.tex (c:/Users\aorus\Documents\GitHub\master-degree-thesis-latex\all.lof
Overfull \hbox (14.676pt too wide) in paragraph at lines 23--23
 [][] [][][]\T1/txr/m/n/12 Ilustracja pro-ce-su ªa-do-wa-nia apli-ka-cji oraz zda-rze-nia re-je-stro-wa-ne przez przegl[]dark[][][] [][]  
 []


Overfull \hbox (17.98798pt too wide) in paragraph at lines 27--27
 \T1/txr/m/n/12 compose. Ilu-stru-je on inicjalizacj[] skryp-tu oraz me-cha-nizm uzy-ski-wa-nia poª[]czenia 
 []


Overfull \hbox (31.64395pt too wide) in paragraph at lines 28--28
 [][] [][][]\T1/txr/m/n/12 Wycinek skryp-tu ukazuj[]cy uzy-ska-nie poª[]czenia do Se-le-nium po-mi-mo pocz[]tkowych 
 []


Package Fancyhdr Warning: \fancyfoot's `E' option without twoside option is useless on input line 29.

[46




]
Overfull \hbox (8.97597pt too wide) in paragraph at lines 33--33
 [][] [][][]\T1/txr/m/n/12 Diagram ko-lum-no-wy ukazuj[]cy wy-nik ba-da-nia cza-su po-trzeb-ne-go do rozpocz[]cia 
 []


Overfull \hbox (6.51596pt too wide) in paragraph at lines 43--43
 [][] [][][]\T1/txr/m/n/12 Diagram ko-lum-no-wy obrazuj[]cy wy-nik ba-da-nia po-mia-ru cza-su usuni[]cia wszyst- 
 []

)
\tf@lof=\write6
\openout6 = `all.lof'.

) [47]
\openout2 = `Oswiadczenie_udostepnienie.aux'.

 (c:/Users\aorus\Documents\GitHub\master-degree-thesis-latex\Oswiadczenie_udostepnienie.tex
*geometry* verbose mode - [ newgeometry ] result:
* driver: pdftex
* paper: a4paper
* layout: <same size as paper>
* layoutoffset:(h,v)=(0.0pt,0.0pt)
* bindingoffset: 28.45274pt
* modes: 
* h-part:(L,W,R)=(56.9055pt, 455.24413pt, 56.9055pt)
* v-part:(T,H,B)=(93.89418pt, 694.24716pt, 56.9055pt)
* \paperwidth=597.50787pt
* \paperheight=845.04684pt
* \textwidth=455.24413pt
* \textheight=694.24716pt
* \oddsidemargin=13.08826pt
* \evensidemargin=-15.36449pt
* \topmargin=21.62419pt
* \headheight=0.0pt
* \headsep=0.0pt
* \topskip=12.0pt
* \footskip=29.3747pt
* \marginparwidth=0.0pt
* \marginparsep=0.0pt
* \columnsep=10.0pt
* \skip\footins=10.8pt plus 4.0pt minus 2.0pt
* \hoffset=0.0pt
* \voffset=0.0pt
* \mag=1000
* \@twocolumnfalse
* \@twosidefalse
* \@mparswitchfalse
* \@reversemarginfalse
* (1in=72.27pt=25.4mm, 1cm=28.453pt)

LaTeX Font Info:    Font shape `T1/txr/b/n' in size <14> not available
(Font)              Font shape `T1/txr/bx/n' tried instead on input line 17.
LaTeX Font Info:    Font shape `T1/txr/b/n' in size <16> not available
(Font)              Font shape `T1/txr/bx/n' tried instead on input line 45.

Underfull \hbox (badness 6575) in paragraph at lines 54--54
[]\T1/txr/m/n/12 Tytuª pra-cy dy-plo-mo-wej:  Ana-li-za po-rów-naw-cza no-wo-cze-snych
 []

[48



])
\openout2 = `Oswiadczenie_autorskie.aux'.

 (c:/Users\aorus\Documents\GitHub\master-degree-thesis-latex\Oswiadczenie_autorskie.tex
*geometry* verbose mode - [ newgeometry ] result:
* driver: pdftex
* paper: a4paper
* layout: <same size as paper>
* layoutoffset:(h,v)=(0.0pt,0.0pt)
* bindingoffset: 28.45274pt
* modes: 
* h-part:(L,W,R)=(56.9055pt, 455.24413pt, 56.9055pt)
* v-part:(T,H,B)=(93.89418pt, 694.24716pt, 56.9055pt)
* \paperwidth=597.50787pt
* \paperheight=845.04684pt
* \textwidth=455.24413pt
* \textheight=694.24716pt
* \oddsidemargin=13.08826pt
* \evensidemargin=-15.36449pt
* \topmargin=21.62419pt
* \headheight=0.0pt
* \headsep=0.0pt
* \topskip=12.0pt
* \footskip=29.3747pt
* \marginparwidth=0.0pt
* \marginparsep=0.0pt
* \columnsep=10.0pt
* \skip\footins=10.8pt plus 4.0pt minus 2.0pt
* \hoffset=0.0pt
* \voffset=0.0pt
* \mag=1000
* \@twocolumnfalse
* \@twosidefalse
* \@mparswitchfalse
* \@reversemarginfalse
* (1in=72.27pt=25.4mm, 1cm=28.453pt)


Underfull \hbox (badness 10000) in paragraph at lines 54--61

 []


Underfull \hbox (badness 10000) in paragraph at lines 54--61

 []


Overfull \hbox (3.20071pt too wide) in paragraph at lines 54--61
[]\T1/txr/m/n/12 Jednocze±nie przyjmuj[] do wia-do-mo-±ci, »e je-»e-li w przy-pad-ku post[]powania wyja±niaj[]cego
 []


Overfull \hbox (8.2079pt too wide) in paragraph at lines 54--61
\T1/txr/m/n/12 orze-cze-nia przez komisj[] dyscyplinarn[] oraz zªo-»e-nie za-wia-do-mie-nia o po-peª-nie-niu przest[]pstwa. 
 []

[49




])

Package caption Warning: Unused \captionsetup[lstlisting] on input line 30.
See the caption package documentation for explanation.

Package atveryend Info: Empty hook `BeforeClearDocument' on input line 108.
Package atveryend Info: Empty hook `AfterLastShipout' on input line 108.
(c:/Users\aorus\Documents\GitHub\master-degree-thesis-latex\all.aux (c:/Users\aorus\Documents\GitHub\master-degree-thesis-latex\front.aux) (c:/Users\aorus\Documents\GitHub\master-degree-thesis-latex\wstep.aux) (c:/Users\aorus\Documents\GitHub\master-degree-thesis-latex\przegladowa.aux) (c:/Users\aorus\Documents\GitHub\master-degree-thesis-latex\praktyczna.aux) (c:/Users\aorus\Documents\GitHub\master-degree-thesis-latex\podsumowanie.aux) (c:/Users\aorus\Documents\GitHub\master-degree-thesis-latex\bibliografia.aux) (c:/Users\aorus\Documents\GitHub\master-degree-thesis-latex\spis.aux) (c:/Users\aorus\Documents\GitHub\master-degree-thesis-latex\Oswiadczenie_udostepnienie.aux) (c:/Users\aorus\Documents\GitHub\master-degree-thesis-latex\Oswiadczenie_autorskie.aux))
Package atveryend Info: Executing hook `AtVeryEndDocument' on input line 108.
Package atveryend Info: Executing hook `AtEndAfterFileList' on input line 108.
Package rerunfilecheck Info: File `all.out' has not changed.
(rerunfilecheck)             Checksum: DAE2E90A7B5FC8B868F72C1ACC3F9526;6793.
Package atveryend Info: Empty hook `AtVeryVeryEnd' on input line 108.
 ) 
Here is how much of TeX's memory you used:
 16041 strings out of 480930
 238226 string characters out of 2909548
 493990 words of memory out of 3000000
 31362 multiletter control sequences out of 15000+200000
 635933 words of font info for 179 fonts, out of 3000000 for 9000
 1141 hyphenation exceptions out of 8191
 49i,16n,55p,809b,461s stack positions out of 5000i,500n,10000p,200000b,50000s
{C:/Program Files/MiKTeX 2.9/fonts/enc/dvips/base/8r.enc}<C:/Users/aorus/AppData/Roaming/MiKTeX/2.9/fonts/type1/public/txfonts/rtcxr.pfb><C:/Users/aorus/AppData/Roaming/MiKTeX/2.9/fonts/type1/public/txfonts/rtxb.pfb><C:/Users/aorus/AppData/Roaming/MiKTeX/2.9/fonts/type1/public/txfonts/rtxi.pfb><C:/Users/aorus/AppData/Roaming/MiKTeX/2.9/fonts/type1/public/txfonts/rtxr.pfb><C:/Users/aorus/AppData/Roaming/MiKTeX/2.9/fonts/type1/public/txfonts/t1xtt.pfb><C:/Users/aorus/AppData/Roaming/MiKTeX/2.9/fonts/type1/public/txfonts/txsy.pfb><C:/Users/aorus/AppData/Roaming/MiKTeX/2.9/fonts/type1/urw/helvetic/uhvb8a.pfb><C:/Users/aorus/AppData/Roaming/MiKTeX/2.9/fonts/type1/urw/helvetic/uhvr8a.pfb><C:/Users/aorus/AppData/Roaming/MiKTeX/2.9/fonts/type1/urw/times/utmb8a.pfb><C:/Users/aorus/AppData/Roaming/MiKTeX/2.9/fonts/type1/urw/times/utmr8a.pfb><C:/Users/aorus/AppData/Roaming/MiKTeX/2.9/fonts/type1/urw/times/utmri8a.pfb>
Output written on c:/Users\aorus\Documents\GitHub\master-degree-thesis-latex\all.pdf (50 pages, 35931341 bytes).
PDF statistics:
 836 PDF objects out of 1000 (max. 8388607)
 167 named destinations out of 1000 (max. 500000)
 497 words of extra memory for PDF output out of 10000 (max. 10000000)

