\BOOKMARK [0][-]{chapter.1}{\376\377\000W\000s\000t\001\031\000p}{}% 1
\BOOKMARK [1][-]{section.1.1}{\376\377\000W\000p\000r\000o\000w\000a\000d\000z\000e\000n\000i\000e}{chapter.1}% 2
\BOOKMARK [1][-]{section.1.2}{\376\377\000C\000e\000l\000\040\000p\000r\000a\000c\000y}{chapter.1}% 3
\BOOKMARK [1][-]{section.1.3}{\376\377\000M\000o\000t\000y\000w\000a\000c\000j\000a}{chapter.1}% 4
\BOOKMARK [1][-]{section.1.4}{\376\377\000Z\000a\000k\000r\000e\000s}{chapter.1}% 5
\BOOKMARK [-1][-]{part.1}{\376\377\000\040\000C\000z\001\031\001\133\001\007\000\040\000p\000r\000z\000e\000g\000l\001\005\000d\000o\000w\000a}{}% 6
\BOOKMARK [0][-]{chapter.2}{\376\377\000C\000z\001\031\001\133\001\007\000\040\000p\000r\000z\000e\000g\000l\001\005\000d\000o\000w\000a}{part.1}% 7
\BOOKMARK [1][-]{section.2.1}{\376\377\000S\001\102\000o\000w\000n\000i\000c\000z\000e\000k\000\040\000P\000o\000j\001\031\001\007}{chapter.2}% 8
\BOOKMARK [1][-]{section.2.2}{\376\377\000P\000r\000z\000e\000g\000l\001\005\000d\000\040\000p\000r\000a\000c\000\040\000o\000\040\000p\000o\000d\000o\000b\000n\000e\000j\000\040\000t\000e\000m\000a\000t\000y\000c\000e}{chapter.2}% 9
\BOOKMARK [2][-]{subsection.2.2.1}{\376\377\000C\000o\000m\000p\000a\000r\000i\000s\000o\000n\000\040\000o\000f\000\040\000S\000i\000n\000g\000l\000e\000-\000P\000a\000g\000e\000\040\000A\000p\000p\000l\000i\000c\000a\000t\000i\000o\000n\000\040\000F\000r\000a\000m\000e\000w\000o\000r\000k\000s}{section.2.2}% 10
\BOOKMARK [2][-]{subsection.2.2.2}{\376\377\000L\000i\000g\000h\000t\000h\000o\000u\000s\000e}{section.2.2}% 11
\BOOKMARK [2][-]{subsection.2.2.3}{\376\377\000P\000o\000r\000\363\000w\000n\000a\000n\000i\000e\000\040\000n\000a\000r\000z\001\031\000d\000z\000i\000\040\000d\000o\000\040\000t\000w\000o\000r\000z\000e\000n\000i\000a\000\040\000a\000p\000l\000i\000k\000a\000c\000j\000i\000\040\000t\000y\000p\000u\000\040\000S\000P\000A\000\040\000n\000a\000\040\000p\000r\000z\000y\000k\001\102\000a\000d\000z\000i\000e\000\040\000A\000n\000g\000u\000l\000a\000r\0002\000\040\000i\000\040\000R\000e\000a\000c\000t}{section.2.2}% 12
\BOOKMARK [-1][-]{part.2}{\376\377\000\040\000C\000z\001\031\001\133\001\007\000\040\000p\000r\000a\000k\000t\000y\000c\000z\000n\000a}{}% 13
\BOOKMARK [0][-]{chapter.3}{\376\377\000C\000z\001\031\001\133\001\007\000\040\000p\000r\000a\000k\000t\000y\000c\000z\000n\000a}{part.2}% 14
\BOOKMARK [1][-]{section.3.1}{\376\377\000P\000r\000o\000b\000l\000e\000m\000\040\000p\000o\000m\000i\000a\000r\000u\000\040\000w\000y\000d\000a\000j\000n\000o\001\133\000c\000i\000\040\000a\000p\000l\000i\000k\000a\000c\000j\000i\000\040\000S\000P\000A}{chapter.3}% 15
\BOOKMARK [1][-]{section.3.2}{\376\377\000S\000p\000e\000c\000y\000f\000i\000k\000a\000c\000j\000a\000\040\000w\000y\000m\000a\000g\000a\001\104}{chapter.3}% 16
\BOOKMARK [1][-]{section.3.3}{\376\377\000A\000r\000c\000h\000i\000t\000e\000k\000t\000u\000r\000a\000\040\000r\000o\000z\000w\000i\001\005\000z\000a\000n\000i\000a}{chapter.3}% 17
\BOOKMARK [2][-]{subsection.3.3.1}{\376\377\000P\000r\000o\000j\000e\000k\000t\000\040\000t\000e\000s\000t\000u\000\040\000w\000y\000d\000a\000j\000n\000o\001\133\000c\000i}{section.3.3}% 18
\BOOKMARK [2][-]{subsection.3.3.2}{\376\377\000B\000u\000d\000o\000w\000a\000\040\000a\000p\000l\000i\000k\000a\000c\000j\000i}{section.3.3}% 19
\BOOKMARK [2][-]{subsection.3.3.3}{\376\377\000P\000r\000z\000y\000g\000o\000t\000o\000w\000a\000n\000i\000e\000\040\000a\000p\000l\000i\000k\000a\000c\000j\000i\000\040\000d\000o\000\040\000b\000a\000d\000a\000n\000i\000a}{section.3.3}% 20
\BOOKMARK [2][-]{subsection.3.3.4}{\376\377\000K\000o\000n\000t\000e\000n\000e\000r\000y\000z\000a\000c\000j\000a\000\040\000a\000p\000l\000i\000k\000a\000c\000j\000i}{section.3.3}% 21
\BOOKMARK [2][-]{subsection.3.3.5}{\376\377\000M\000o\000d\000u\001\102\000\040\000b\000a\000d\000a\000n\000i\000a}{section.3.3}% 22
\BOOKMARK [2][-]{subsection.3.3.6}{\376\377\000M\000o\000d\000u\001\102\000\040\000a\000n\000a\000l\000i\000z\000y}{section.3.3}% 23
\BOOKMARK [1][-]{section.3.4}{\376\377\000A\000n\000a\000l\000i\000z\000a\000\040\000w\000y\000n\000i\000k\000\363\000w}{chapter.3}% 24
\BOOKMARK [2][-]{subsection.3.4.1}{\376\377\000C\000z\000a\000s\000\040\000z\000a\001\102\000a\000d\000o\000w\000a\000n\000i\000a\000\040\000a\000p\000l\000i\000k\000a\000c\000j\000i}{section.3.4}% 25
\BOOKMARK [2][-]{subsection.3.4.2}{\376\377\000D\000o\000d\000a\000n\000i\000e\000\040\0001\0000\0000\0000\000\040\000w\000i\000e\000r\000s\000z\000y\000\040\000n\000a\000\040\000p\000o\000c\000z\001\005\000t\000k\000u\000\040\000l\000i\000s\000t\000y}{section.3.4}% 26
\BOOKMARK [2][-]{subsection.3.4.3}{\376\377\000D\000o\000d\000a\000n\000i\000e\000\040\0001\0000\0000\0000\000\040\000w\000i\000e\000r\000s\000z\000y\000\040\000n\000a\000\040\000k\000o\001\104\000c\000u\000\040\000l\000i\000s\000t\000y}{section.3.4}% 27
\BOOKMARK [2][-]{subsection.3.4.4}{\376\377\000Z\000a\000m\000i\000a\000n\000a\000\040\000w\000s\000z\000y\000s\000t\000k\000i\000c\000h\000\040\000w\000i\000e\000r\000s\000z\000y\000\040\000n\000a\000\040\000l\000i\001\133\000c\000i\000e}{section.3.4}% 28
\BOOKMARK [2][-]{subsection.3.4.5}{\376\377\000A\000k\000t\000u\000a\000l\000i\000z\000a\000c\000j\000a\000\040\0005\0000\0000\000\040\000w\000i\000e\000r\000s\000z\000y}{section.3.4}% 29
\BOOKMARK [2][-]{subsection.3.4.6}{\376\377\000Z\000a\000m\000i\000a\000n\000a\000\040\000m\000i\000e\000j\000s\000c\000a\000m\000i\000\040\000d\000w\000\363\000c\000h\000\040\000w\000i\000e\000r\000s\000z\000y}{section.3.4}% 30
\BOOKMARK [2][-]{subsection.3.4.7}{\376\377\000U\000s\000u\000n\000i\001\031\000c\000i\000e\000\040\000p\000o\000j\000e\000d\000y\000n\000c\000z\000e\000g\000o\000\040\000w\000i\000e\000r\000s\000z\000a}{section.3.4}% 31
\BOOKMARK [2][-]{subsection.3.4.8}{\376\377\000U\000s\000u\000n\000i\001\031\000c\000i\000e\000\040\000w\000s\000z\000y\000s\000t\000k\000i\000c\000h\000\040\000w\000i\000e\000r\000s\000z\000y}{section.3.4}% 32
\BOOKMARK [0][-]{chapter.4}{\376\377\000P\000o\000d\000s\000u\000m\000o\000w\000a\000n\000i\000e}{part.2}% 33
\BOOKMARK [0][-]{section*.16}{\376\377\000B\000i\000b\000l\000i\000o\000g\000r\000a\000f\000i\000a}{part.2}% 34
\BOOKMARK [0][-]{section*.18}{\376\377\000S\000p\000i\000s\000\040\000r\000y\000s\000u\000n\000k\000\363\000w}{part.2}% 35
\BOOKMARK [0][-]{chapter*.19}{\376\377\000O\001\133\000w\000i\000a\000d\000c\000z\000e\000n\000i\000e\000\040\000o\000\040\000u\000d\000o\000s\000t\001\031\000p\000n\000i\000a\000n\000i\000u\000\040\000p\000r\000a\000c\000y\000\040\000d\000y\000p\000l\000o\000m\000o\000w\000e\000j}{part.2}% 36
\BOOKMARK [0][-]{chapter*.19}{\376\377\000O\001\133\000w\000i\000a\000d\000c\000z\000e\000n\000i\000e\000\040\000a\000u\000t\000o\000r\000s\000k\000i\000e}{part.2}% 37
